[debug] [2020-11-30T15:56:52.267Z] ----------------------------------------------------------------------
[debug] [2020-11-30T15:56:52.269Z] Command:       C:\Program Files\nodejs\node.exe C:\Users\tilwa\AppData\Roaming\npm\node_modules\firebase-tools\lib\bin\firebase.js init
[debug] [2020-11-30T15:56:52.269Z] CLI Version:   8.16.2
[debug] [2020-11-30T15:56:52.270Z] Platform:      win32
[debug] [2020-11-30T15:56:52.270Z] Node Version:  v12.18.4
[debug] [2020-11-30T15:56:52.271Z] Time:          Mon Nov 30 2020 21:26:52 GMT+0530 (India Standard Time)
[debug] [2020-11-30T15:56:52.271Z] ----------------------------------------------------------------------
[debug] [2020-11-30T15:56:52.271Z] 
[debug] [2020-11-30T15:56:52.273Z] >>> [apiv2][query] GET https://firebase-public.firebaseio.com/cli.json [none]
[debug] [2020-11-30T15:56:52.297Z] > command requires scopes: ["email","openid","https://www.googleapis.com/auth/cloudplatformprojects.readonly","https://www.googleapis.com/auth/firebase","https://www.googleapis.com/auth/cloud-platform"]
[debug] [2020-11-30T15:56:52.298Z] > authorizing via signed-in user
[info] 
     ######## #### ########  ######## ########     ###     ######  ########
     ##        ##  ##     ## ##       ##     ##  ##   ##  ##       ##
     ######    ##  ########  ######   ########  #########  ######  ######
     ##        ##  ##    ##  ##       ##     ## ##     ##       ## ##
     ##       #### ##     ## ######## ########  ##     ##  ######  ########

You're about to initialize a Firebase project in this directory:

  C:\Users\tilwa\OneDrive\Desktop\brian\facebook-clone

[debug] [2020-11-30T15:56:53.244Z] <<< [apiv2][status] GET https://firebase-public.firebaseio.com/cli.json 200
[debug] [2020-11-30T15:57:04.959Z] ----------------------------------------------------------------------
[debug] [2020-11-30T15:57:04.961Z] Command:       C:\Program Files\nodejs\node.exe C:\Users\tilwa\AppData\Roaming\npm\node_modules\firebase-tools\lib\bin\firebase.js init
[debug] [2020-11-30T15:57:04.961Z] CLI Version:   8.16.2
[debug] [2020-11-30T15:57:04.961Z] Platform:      win32
[debug] [2020-11-30T15:57:04.961Z] Node Version:  v12.18.4
[debug] [2020-11-30T15:57:04.962Z] Time:          Mon Nov 30 2020 21:27:04 GMT+0530 (India Standard Time)
[debug] [2020-11-30T15:57:04.962Z] ----------------------------------------------------------------------
[debug] [2020-11-30T15:57:04.963Z] 
[debug] [2020-11-30T15:57:04.969Z] > command requires scopes: ["email","openid","https://www.googleapis.com/auth/cloudplatformprojects.readonly","https://www.googleapis.com/auth/firebase","https://www.googleapis.com/auth/cloud-platform"]
[debug] [2020-11-30T15:57:04.969Z] > authorizing via signed-in user
[info] 
     ######## #### ########  ######## ########     ###     ######  ########
     ##        ##  ##     ## ##       ##     ##  ##   ##  ##       ##
     ######    ##  ########  ######   ########  #########  ######  ######
     ##        ##  ##    ##  ##       ##     ## ##     ##       ## ##
     ##       #### ##     ## ######## ########  ##     ##  ######  ########

You're about to initialize a Firebase project in this directory:

  C:\Users\tilwa\OneDrive\Desktop\brian\facebook-clone

